<?xml version="1.0" encoding="UTF-8"?>
<!-- Generated by org.testng.reporters.JUnitReportReporter -->
<testsuite hostname="DESKTOP-GICHNOE" failures="0" tests="2" name="Module1_Login_Test.SwagLabLoginTestClass_testng" time="11.218" errors="0" timestamp="2023-09-15T15:13:03 IST" skipped="0">
  <testcase classname="Module1_Login_Test.SwagLabLoginTestClass_testng" name="VerfiyLogo" time="4.910"/>
  <system-out/>
  <testcase classname="Module1_Login_Test.SwagLabLoginTestClass_testng" name="VerfyAddtoCartToRemoveBtn" time="6.308"/>
  <system-out/>
</testsuite> <!-- Module1_Login_Test.SwagLabLoginTestClass_testng -->
